#
# There is insufficient memory for the Java Runtime Environment to continue.
# Native memory allocation (malloc) failed to allocate 1048576 bytes for AllocateHeap
# Possible reasons:
#   The system is out of physical RAM or swap space
#   The process is running with CompressedOops enabled, and the Java Heap may be blocking the growth of the native heap
# Possible solutions:
#   Reduce memory load on the system
#   Increase physical memory or swap space
#   Check if swap backing store is full
#   Decrease Java heap size (-Xmx/-Xms)
#   Decrease number of Java threads
#   Decrease Java thread stack sizes (-Xss)
#   Set larger code cache with -XX:ReservedCodeCacheSize=
#   JVM is running with Unscaled Compressed Oops mode in which the Java heap is
#     placed in the first 4GB address space. The Java Heap base address is the
#     maximum limit for the native heap growth. Please use -XX:HeapBaseMinAddress
#     to set the Java Heap base and to place the Java Heap above 4GB virtual address.
# This output file may be truncated or incomplete.
#
#  Out of Memory Error (allocation.cpp:44), pid=9840, tid=12812
#
# JRE version:  (18.0.1.1+2) (build )
# Java VM: Java HotSpot(TM) 64-Bit Server VM (18.0.1.1+2-6, mixed mode, sharing, tiered, compressed oops, compressed class ptrs, g1 gc, windows-amd64)
# No core dump will be written. Minidumps are not enabled by default on client versions of Windows
#

---------------  S U M M A R Y ------------

Command Line: -Dfile.encoding=MS949 -XX:+ShowCodeDetailsInExceptionMessages co.edu.board.BoardApp

Host: Intel(R) Core(TM) i5-6600 CPU @ 3.30GHz, 4 cores, 7G,  Windows 10 , 64 bit Build 19041 (10.0.19041.1889)
Time: Thu Oct 13 01:04:54 2022  Windows 10 , 64 bit Build 19041 (10.0.19041.1889) elapsed time: 0.010752 seconds (0d 0h 0m 0s)

---------------  T H R E A D  ---------------

Current thread (0x000001aa48afd7f0):  JavaThread "Unknown thread" [_thread_in_vm, id=12812, stack(0x00000017e7600000,0x00000017e7700000)]

Stack: [0x00000017e7600000,0x00000017e7700000]
Native frames: (J=compiled Java code, j=interpreted, Vv=VM code, C=native code)
V  [jvm.dll+0x69887a]
V  [jvm.dll+0x7f38bd]
V  [jvm.dll+0x7f51ce]
V  [jvm.dll+0x7f5883]
V  [jvm.dll+0x25ca3f]
V  [jvm.dll+0xb31af]
V  [jvm.dll+0x2f7929]
V  [jvm.dll+0x7c24bb]
V  [jvm.dll+0x38b801]
V  [jvm.dll+0x7a1203]
V  [jvm.dll+0x40d6bf]
V  [jvm.dll+0x40f091]
C  [jli.dll+0x526b]
C  [ucrtbase.dll+0x21bb2]
C  [KERNEL32.DLL+0x17034]
C  [ntdll.dll+0x526a1]


---------------  P R O C E S S  ---------------

Threads class SMR info:
_java_thread_list=0x00007ffafc31d550, length=0, elements={
}

Java Threads: ( => current thread )

Other Threads:

=>0x000001aa48afd7f0 (exited) JavaThread "Unknown thread" [_thread_in_vm, id=12812, stack(0x00000017e7600000,0x00000017e7700000)]

Threads with active compile tasks:

VM state: not at safepoint (not fully initialized)

VM Mutex/Monitor currently owned by a thread: None

Heap address: 0x0000000000000000, size: 0 MB, Compressed Oops mode: 32-bit

CDS archive(s) mapped at: [0x0000000000000000-0x0000000000000000-0x0000000000000000), size 0, SharedBaseAddress: 0x0000000800000000, ArchiveRelocationMode: 0.
Narrow klass base: 0x0000000000000000, Narrow klass shift: 0, Narrow klass range: 0x0

GC Precious Log:
 CardTable entry size: 512
 Card Set container configuration: InlinePtr #cards 5 size 8 Array Of Cards #cards 12 size 40 Howl #buckets 4 coarsen threshold 1843 Howl Bitmap #cards 512 size 80 coarsen threshold 460 Card regions per heap region 1 cards per card region 2048

GC Heap History (0 events):
No events

Deoptimization events (0 events):
No events

Classes loaded (0 events):
No events

Classes unloaded (0 events):
No events

Classes redefined (0 events):
No events

Internal exceptions (0 events):
No events

VM Operations (0 events):
No events

Events (1 events):
Event: 0.007 Loaded shared library C:\Program Files\Java\jdk-18.0.1.1\bin\java.dll


Dynamic libraries:
0x00007ff7f6a80000 - 0x00007ff7f6a90000 	C:\Program Files\Java\jdk-18.0.1.1\bin\javaw.exe
0x00007ffb588d0000 - 0x00007ffb58ac8000 	C:\Windows\SYSTEM32\ntdll.dll
0x00007ffb58600000 - 0x00007ffb586bd000 	C:\Windows\System32\KERNEL32.DLL
0x00007ffb56200000 - 0x00007ffb564ce000 	C:\Windows\System32\KERNELBASE.dll
0x00007ffb56630000 - 0x00007ffb56730000 	C:\Windows\System32\ucrtbase.dll
0x00007ffb3e660000 - 0x00007ffb3e67a000 	C:\Program Files\Java\jdk-18.0.1.1\bin\VCRUNTIME140.dll
0x00007ffb3ef90000 - 0x00007ffb3efa8000 	C:\Program Files\Java\jdk-18.0.1.1\bin\jli.dll
0x00007ffb57970000 - 0x00007ffb57a1e000 	C:\Windows\System32\ADVAPI32.dll
0x00007ffb586c0000 - 0x00007ffb5875e000 	C:\Windows\System32\msvcrt.dll
0x00007ffb578d0000 - 0x00007ffb5796c000 	C:\Windows\System32\sechost.dll
0x00007ffb58760000 - 0x00007ffb58885000 	C:\Windows\System32\RPCRT4.dll
0x00007ffb57730000 - 0x00007ffb578d0000 	C:\Windows\System32\USER32.dll
0x00007ffb567f0000 - 0x00007ffb56812000 	C:\Windows\System32\win32u.dll
0x00007ffb56f90000 - 0x00007ffb56fba000 	C:\Windows\System32\GDI32.dll
0x00007ffb56820000 - 0x00007ffb5692b000 	C:\Windows\System32\gdi32full.dll
0x00007ffb40260000 - 0x00007ffb404fa000 	C:\Windows\WinSxS\amd64_microsoft.windows.common-controls_6595b64144ccf1df_6.0.19041.1110_none_60b5254171f9507e\COMCTL32.dll
0x00007ffb560a0000 - 0x00007ffb5613d000 	C:\Windows\System32\msvcp_win.dll
0x00007ffb50f60000 - 0x00007ffb50f6a000 	C:\Windows\SYSTEM32\VERSION.dll
0x00007ffb56db0000 - 0x00007ffb56de0000 	C:\Windows\System32\IMM32.DLL
0x00007ffb51b90000 - 0x00007ffb51b9c000 	C:\Program Files\Java\jdk-18.0.1.1\bin\vcruntime140_1.dll
0x00007ffb26ba0000 - 0x00007ffb26c2d000 	C:\Program Files\Java\jdk-18.0.1.1\bin\msvcp140.dll
0x00007ffafb840000 - 0x00007ffafc450000 	C:\Program Files\Java\jdk-18.0.1.1\bin\server\jvm.dll
0x00007ffb57020000 - 0x00007ffb57028000 	C:\Windows\System32\PSAPI.DLL
0x00007ffb39010000 - 0x00007ffb39019000 	C:\Windows\SYSTEM32\WSOCK32.dll
0x00007ffb4ea50000 - 0x00007ffb4ea77000 	C:\Windows\SYSTEM32\WINMM.dll
0x00007ffb575d0000 - 0x00007ffb5763b000 	C:\Windows\System32\WS2_32.dll
0x00007ffb53f00000 - 0x00007ffb53f12000 	C:\Windows\SYSTEM32\kernel.appcore.dll
0x00007ffb51b40000 - 0x00007ffb51b4a000 	C:\Program Files\Java\jdk-18.0.1.1\bin\jimage.dll
0x00007ffb41f90000 - 0x00007ffb42174000 	C:\Windows\SYSTEM32\DBGHELP.DLL
0x00007ffb3b4e0000 - 0x00007ffb3b50c000 	C:\Windows\SYSTEM32\dbgcore.DLL
0x00007ffb56760000 - 0x00007ffb567e2000 	C:\Windows\System32\bcryptPrimitives.dll
0x00007ffb3e620000 - 0x00007ffb3e645000 	C:\Program Files\Java\jdk-18.0.1.1\bin\java.dll

dbghelp: loaded successfully - version: 4.0.5 - missing functions: none
symbol engine: initialized successfully - sym options: 0x614 - pdb path: .;C:\Program Files\Java\jdk-18.0.1.1\bin;C:\Windows\SYSTEM32;C:\Windows\WinSxS\amd64_microsoft.windows.common-controls_6595b64144ccf1df_6.0.19041.1110_none_60b5254171f9507e;C:\Program Files\Java\jdk-18.0.1.1\bin\server

VM Arguments:
jvm_args: -Dfile.encoding=MS949 -XX:+ShowCodeDetailsInExceptionMessages 
java_command: co.edu.board.BoardApp
java_class_path (initial): C:\Dev\JavaBoard\P20221012\bin;C:\Dev\ojdbc6_g.jar
Launcher Type: SUN_STANDARD

[Global flags]
     intx CICompilerCount                          = 3                                         {product} {ergonomic}
     uint ConcGCThreads                            = 1                                         {product} {ergonomic}
     uint G1ConcRefinementThreads                  = 4                                         {product} {ergonomic}
   size_t G1HeapRegionSize                         = 1048576                                   {product} {ergonomic}
    uintx GCDrainStackTargetSize                   = 64                                        {product} {ergonomic}
   size_t InitialHeapSize                          = 134217728                                 {product} {ergonomic}
   size_t MarkStackSize                            = 4194304                                   {product} {ergonomic}
   size_t MaxHeapSize                              = 2130706432                                {product} {ergonomic}
   size_t MinHeapDeltaBytes                        = 1048576                                   {product} {ergonomic}
   size_t MinHeapSize                              = 8388608                                   {product} {ergonomic}
    uintx NonNMethodCodeHeapSize                   = 5832780                                {pd product} {ergonomic}
    uintx NonProfiledCodeHeapSize                  = 122912730                              {pd product} {ergonomic}
     bool PerfDisableSharedMem                     = true                                      {product} {ergonomic}
    uintx ProfiledCodeHeapSize                     = 122912730                              {pd product} {ergonomic}
    uintx ReservedCodeCacheSize                    = 251658240                              {pd product} {ergonomic}
     bool SegmentedCodeCache                       = true                                      {product} {ergonomic}
     bool ShowCodeDetailsInExceptionMessages       = true                                   {manageable} {command line}
   size_t SoftMaxHeapSize                          = 2130706432                             {manageable} {ergonomic}
     bool UseCompressedClassPointers               = true                           {product lp64_product} {ergonomic}
     bool UseCompressedOops                        = true                           {product lp64_product} {ergonomic}
     bool UseG1GC                                  = true                                      {product} {ergonomic}
     bool UseLargePagesIndividualAllocation        = false                                  {pd product} {ergonomic}

Logging:
Log output configuration:
 #0: stdout all=warning uptime,level,tags foldmultilines=false
 #1: stderr all=off uptime,level,tags foldmultilines=false

Environment Variables:
PATH=C:/Program Files/Java/jdk-18.0.1.1/bin/server;C:/Program Files/Java/jdk-18.0.1.1/bin;C:\oraclexe\app\oracle\product\11.2.0\server\bin;;C:\Program Files\Java\jdk1.8.0_231\bin;C:\Program Files (x86)\Common Files\Oracle\Java\javapath;C:\Program Files\Common Files\Oracle\Java\javapath;C:\Program Files (x86)\NAT Service;C:\Windows\system32;C:\Windows;C:\Windows\System32\Wbem;C:\Windows\System32\WindowsPowerShell\v1.0\;C:\Windows\System32\OpenSSH\;C:\Program Files (x86)\NVIDIA Corporation\PhysX\Common;C:\Program Files\Bandizip\;C:\Program Files\Git\cmd;;C:\Program Files\NVIDIA Corporation\NVIDIA NvDLISR;C:\Users\tpgns\AppData\Local\Microsoft\WindowsApps;C:\Users\tpgns\AppData\Local\atom\bin;C:\Users\tpgns\AppData\Local\Programs\Microsoft VS Code\bin;C:\Users\tpgns\Desktop;
USERNAME=tpgns
OS=Windows_NT
PROCESSOR_IDENTIFIER=Intel64 Family 6 Model 94 Stepping 3, GenuineIntel



---------------  S Y S T E M  ---------------

OS:
 Windows 10 , 64 bit Build 19041 (10.0.19041.1889)
OS uptime: 0 days 2:45 hours

CPU: total 4 (initial active 4) (4 cores per cpu, 1 threads per core) family 6 model 94 stepping 3 microcode 0xcc, cx8, cmov, fxsr, mmx, 3dnowpref, sse, sse2, sse3, ssse3, sse4.1, sse4.2, popcnt, lzcnt, tsc, tscinvbit, avx, avx2, aes, erms, clmul, bmi1, bmi2, rtm, adx, fma, vzeroupper, clflush, clflushopt

Memory: 4k page, system-wide physical 8127M (273M free)
TotalPageFile size 32703M (AvailPageFile size 6M)
current process WorkingSet (physical memory assigned to process): 9M, peak: 9M
current process commit charge ("private bytes"): 12M, peak: 13M

vm_info: Java HotSpot(TM) 64-Bit Server VM (18.0.1.1+2-6) for windows-amd64 JRE (18.0.1.1+2-6), built on Apr 25 2022 21:53:15 by "mach5one" with MS VC++ 16.8 / 16.9 (VS2019)

END.
